<?xml version="1.0" encoding="UTF-8"?>
<testsuite xmlns:xsi="http://www.w3.org/2001/XMLSchema-instance" xsi:noNamespaceSchemaLocation="https://maven.apache.org/surefire/maven-surefire-plugin/xsd/surefire-test-report.xsd" name="cn.liao.MDFileReaderTests" time="0.029" tests="1" errors="0" skipped="0" failures="0">
  <properties>
    <property name="gopherProxySet" value="false"/>
    <property name="awt.toolkit" value="sun.lwawt.macosx.LWCToolkit"/>
    <property name="file.encoding.pkg" value="sun.io"/>
    <property name="java.specification.version" value="1.8"/>
    <property name="sun.cpu.isalist" value=""/>
    <property name="sun.jnu.encoding" value="UTF-8"/>
    <property name="java.class.path" value="/Users/liao/myProjects/IdeaProjects/markdownTranslator/target/test-classes:/Users/liao/myProjects/IdeaProjects/markdownTranslator/target/classes:/Users/liao/.m2/repository/com/google/cloud/google-cloud-translate/1.94.2/google-cloud-translate-1.94.2.jar:/Users/liao/.m2/repository/io/grpc/grpc-stub/1.26.0/grpc-stub-1.26.0.jar:/Users/liao/.m2/repository/io/grpc/grpc-protobuf/1.26.0/grpc-protobuf-1.26.0.jar:/Users/liao/.m2/repository/io/grpc/grpc-protobuf-lite/1.26.0/grpc-protobuf-lite-1.26.0.jar:/Users/liao/.m2/repository/com/google/api/api-common/1.8.1/api-common-1.8.1.jar:/Users/liao/.m2/repository/com/google/code/findbugs/jsr305/3.0.2/jsr305-3.0.2.jar:/Users/liao/.m2/repository/javax/annotation/javax.annotation-api/1.3.2/javax.annotation-api-1.3.2.jar:/Users/liao/.m2/repository/com/google/protobuf/protobuf-java/3.11.1/protobuf-java-3.11.1.jar:/Users/liao/.m2/repository/com/google/api/grpc/proto-google-common-protos/1.17.0/proto-google-common-protos-1.17.0.jar:/Users/liao/.m2/repository/com/google/api/grpc/proto-google-cloud-translate-v3beta1/0.77.2/proto-google-cloud-translate-v3beta1-0.77.2.jar:/Users/liao/.m2/repository/com/google/api/grpc/proto-google-cloud-translate-v3/1.0.2/proto-google-cloud-translate-v3-1.0.2.jar:/Users/liao/.m2/repository/com/google/guava/guava/28.1-android/guava-28.1-android.jar:/Users/liao/.m2/repository/com/google/guava/failureaccess/1.0.1/failureaccess-1.0.1.jar:/Users/liao/.m2/repository/com/google/guava/listenablefuture/9999.0-empty-to-avoid-conflict-with-guava/listenablefuture-9999.0-empty-to-avoid-conflict-with-guava.jar:/Users/liao/.m2/repository/org/checkerframework/checker-compat-qual/2.5.5/checker-compat-qual-2.5.5.jar:/Users/liao/.m2/repository/com/google/errorprone/error_prone_annotations/2.3.2/error_prone_annotations-2.3.2.jar:/Users/liao/.m2/repository/com/google/j2objc/j2objc-annotations/1.3/j2objc-annotations-1.3.jar:/Users/liao/.m2/repository/org/codehaus/mojo/animal-sniffer-annotations/1.18/animal-sniffer-annotations-1.18.jar:/Users/liao/.m2/repository/com/google/api/gax/1.52.0/gax-1.52.0.jar:/Users/liao/.m2/repository/io/opencensus/opencensus-api/0.24.0/opencensus-api-0.24.0.jar:/Users/liao/.m2/repository/io/grpc/grpc-context/1.22.1/grpc-context-1.22.1.jar:/Users/liao/.m2/repository/com/google/api/gax-grpc/1.52.0/gax-grpc-1.52.0.jar:/Users/liao/.m2/repository/io/grpc/grpc-auth/1.25.0/grpc-auth-1.25.0.jar:/Users/liao/.m2/repository/io/grpc/grpc-api/1.25.0/grpc-api-1.25.0.jar:/Users/liao/.m2/repository/io/grpc/grpc-netty-shaded/1.25.0/grpc-netty-shaded-1.25.0.jar:/Users/liao/.m2/repository/io/grpc/grpc-core/1.25.0/grpc-core-1.25.0.jar:/Users/liao/.m2/repository/com/google/android/annotations/4.1.1.4/annotations-4.1.1.4.jar:/Users/liao/.m2/repository/io/perfmark/perfmark-api/0.19.0/perfmark-api-0.19.0.jar:/Users/liao/.m2/repository/io/opencensus/opencensus-contrib-grpc-metrics/0.21.0/opencensus-contrib-grpc-metrics-0.21.0.jar:/Users/liao/.m2/repository/io/grpc/grpc-alts/1.25.0/grpc-alts-1.25.0.jar:/Users/liao/.m2/repository/io/grpc/grpc-grpclb/1.25.0/grpc-grpclb-1.25.0.jar:/Users/liao/.m2/repository/org/apache/commons/commons-lang3/3.5/commons-lang3-3.5.jar:/Users/liao/.m2/repository/org/conscrypt/conscrypt-openjdk-uber/2.2.1/conscrypt-openjdk-uber-2.2.1.jar:/Users/liao/.m2/repository/org/threeten/threetenbp/1.4.0/threetenbp-1.4.0.jar:/Users/liao/.m2/repository/com/google/cloud/google-cloud-core/1.92.0/google-cloud-core-1.92.0.jar:/Users/liao/.m2/repository/com/google/protobuf/protobuf-java-util/3.10.0/protobuf-java-util-3.10.0.jar:/Users/liao/.m2/repository/com/google/code/gson/gson/2.8.5/gson-2.8.5.jar:/Users/liao/.m2/repository/com/google/api/grpc/proto-google-iam-v1/0.13.0/proto-google-iam-v1-0.13.0.jar:/Users/liao/.m2/repository/com/google/cloud/google-cloud-core-http/1.92.0/google-cloud-core-http-1.92.0.jar:/Users/liao/.m2/repository/com/google/api-client/google-api-client/1.30.6/google-api-client-1.30.6.jar:/Users/liao/.m2/repository/com/google/oauth-client/google-oauth-client/1.30.4/google-oauth-client-1.30.4.jar:/Users/liao/.m2/repository/com/google/http-client/google-http-client-appengine/1.33.0/google-http-client-appengine-1.33.0.jar:/Users/liao/.m2/repository/com/google/api/gax-httpjson/0.69.0/gax-httpjson-0.69.0.jar:/Users/liao/.m2/repository/io/opencensus/opencensus-contrib-http-util/0.24.0/opencensus-contrib-http-util-0.24.0.jar:/Users/liao/.m2/repository/com/google/apis/google-api-services-translate/v2-rev20170525-1.30.1/google-api-services-translate-v2-rev20170525-1.30.1.jar:/Users/liao/.m2/repository/com/google/auth/google-auth-library-credentials/0.19.0/google-auth-library-credentials-0.19.0.jar:/Users/liao/.m2/repository/com/google/auth/google-auth-library-oauth2-http/0.19.0/google-auth-library-oauth2-http-0.19.0.jar:/Users/liao/.m2/repository/com/google/auto/value/auto-value-annotations/1.7/auto-value-annotations-1.7.jar:/Users/liao/.m2/repository/com/google/http-client/google-http-client/1.34.0/google-http-client-1.34.0.jar:/Users/liao/.m2/repository/org/apache/httpcomponents/httpclient/4.5.10/httpclient-4.5.10.jar:/Users/liao/.m2/repository/commons-logging/commons-logging/1.2/commons-logging-1.2.jar:/Users/liao/.m2/repository/commons-codec/commons-codec/1.11/commons-codec-1.11.jar:/Users/liao/.m2/repository/org/apache/httpcomponents/httpcore/4.4.12/httpcore-4.4.12.jar:/Users/liao/.m2/repository/com/google/http-client/google-http-client-jackson2/1.34.0/google-http-client-jackson2-1.34.0.jar:/Users/liao/.m2/repository/com/fasterxml/jackson/core/jackson-core/2.10.1/jackson-core-2.10.1.jar:/Users/liao/.m2/repository/org/junit/jupiter/junit-jupiter/5.6.0/junit-jupiter-5.6.0.jar:/Users/liao/.m2/repository/org/junit/jupiter/junit-jupiter-api/5.6.0/junit-jupiter-api-5.6.0.jar:/Users/liao/.m2/repository/org/apiguardian/apiguardian-api/1.1.0/apiguardian-api-1.1.0.jar:/Users/liao/.m2/repository/org/opentest4j/opentest4j/1.2.0/opentest4j-1.2.0.jar:/Users/liao/.m2/repository/org/junit/platform/junit-platform-commons/1.6.0/junit-platform-commons-1.6.0.jar:/Users/liao/.m2/repository/org/junit/jupiter/junit-jupiter-params/5.6.0/junit-jupiter-params-5.6.0.jar:/Users/liao/.m2/repository/org/junit/jupiter/junit-jupiter-engine/5.6.0/junit-jupiter-engine-5.6.0.jar:/Users/liao/.m2/repository/org/junit/platform/junit-platform-engine/1.6.0/junit-platform-engine-1.6.0.jar:/Users/liao/.m2/repository/org/hamcrest/hamcrest/2.1/hamcrest-2.1.jar:"/>
    <property name="java.vm.vendor" value="Oracle Corporation"/>
    <property name="sun.arch.data.model" value="64"/>
    <property name="java.vendor.url" value="http://java.oracle.com/"/>
    <property name="user.timezone" value=""/>
    <property name="java.vm.specification.version" value="1.8"/>
    <property name="os.name" value="Mac OS X"/>
    <property name="user.country" value="CN"/>
    <property name="sun.java.launcher" value="SUN_STANDARD"/>
    <property name="sun.boot.library.path" value="/Library/Java/JavaVirtualMachines/jdk1.8.0_231.jdk/Contents/Home/jre/lib"/>
    <property name="sun.java.command" value="/Users/liao/myProjects/IdeaProjects/markdownTranslator/target/surefire/surefirebooter4722798018320883890.jar /Users/liao/myProjects/IdeaProjects/markdownTranslator/target/surefire 2020-02-01T23-49-58_092-jvmRun1 surefire6781323603248642914tmp surefire_07953723958495026072tmp"/>
    <property name="surefire.test.class.path" value="/Users/liao/myProjects/IdeaProjects/markdownTranslator/target/test-classes:/Users/liao/myProjects/IdeaProjects/markdownTranslator/target/classes:/Users/liao/.m2/repository/com/google/cloud/google-cloud-translate/1.94.2/google-cloud-translate-1.94.2.jar:/Users/liao/.m2/repository/io/grpc/grpc-stub/1.26.0/grpc-stub-1.26.0.jar:/Users/liao/.m2/repository/io/grpc/grpc-protobuf/1.26.0/grpc-protobuf-1.26.0.jar:/Users/liao/.m2/repository/io/grpc/grpc-protobuf-lite/1.26.0/grpc-protobuf-lite-1.26.0.jar:/Users/liao/.m2/repository/com/google/api/api-common/1.8.1/api-common-1.8.1.jar:/Users/liao/.m2/repository/com/google/code/findbugs/jsr305/3.0.2/jsr305-3.0.2.jar:/Users/liao/.m2/repository/javax/annotation/javax.annotation-api/1.3.2/javax.annotation-api-1.3.2.jar:/Users/liao/.m2/repository/com/google/protobuf/protobuf-java/3.11.1/protobuf-java-3.11.1.jar:/Users/liao/.m2/repository/com/google/api/grpc/proto-google-common-protos/1.17.0/proto-google-common-protos-1.17.0.jar:/Users/liao/.m2/repository/com/google/api/grpc/proto-google-cloud-translate-v3beta1/0.77.2/proto-google-cloud-translate-v3beta1-0.77.2.jar:/Users/liao/.m2/repository/com/google/api/grpc/proto-google-cloud-translate-v3/1.0.2/proto-google-cloud-translate-v3-1.0.2.jar:/Users/liao/.m2/repository/com/google/guava/guava/28.1-android/guava-28.1-android.jar:/Users/liao/.m2/repository/com/google/guava/failureaccess/1.0.1/failureaccess-1.0.1.jar:/Users/liao/.m2/repository/com/google/guava/listenablefuture/9999.0-empty-to-avoid-conflict-with-guava/listenablefuture-9999.0-empty-to-avoid-conflict-with-guava.jar:/Users/liao/.m2/repository/org/checkerframework/checker-compat-qual/2.5.5/checker-compat-qual-2.5.5.jar:/Users/liao/.m2/repository/com/google/errorprone/error_prone_annotations/2.3.2/error_prone_annotations-2.3.2.jar:/Users/liao/.m2/repository/com/google/j2objc/j2objc-annotations/1.3/j2objc-annotations-1.3.jar:/Users/liao/.m2/repository/org/codehaus/mojo/animal-sniffer-annotations/1.18/animal-sniffer-annotations-1.18.jar:/Users/liao/.m2/repository/com/google/api/gax/1.52.0/gax-1.52.0.jar:/Users/liao/.m2/repository/io/opencensus/opencensus-api/0.24.0/opencensus-api-0.24.0.jar:/Users/liao/.m2/repository/io/grpc/grpc-context/1.22.1/grpc-context-1.22.1.jar:/Users/liao/.m2/repository/com/google/api/gax-grpc/1.52.0/gax-grpc-1.52.0.jar:/Users/liao/.m2/repository/io/grpc/grpc-auth/1.25.0/grpc-auth-1.25.0.jar:/Users/liao/.m2/repository/io/grpc/grpc-api/1.25.0/grpc-api-1.25.0.jar:/Users/liao/.m2/repository/io/grpc/grpc-netty-shaded/1.25.0/grpc-netty-shaded-1.25.0.jar:/Users/liao/.m2/repository/io/grpc/grpc-core/1.25.0/grpc-core-1.25.0.jar:/Users/liao/.m2/repository/com/google/android/annotations/4.1.1.4/annotations-4.1.1.4.jar:/Users/liao/.m2/repository/io/perfmark/perfmark-api/0.19.0/perfmark-api-0.19.0.jar:/Users/liao/.m2/repository/io/opencensus/opencensus-contrib-grpc-metrics/0.21.0/opencensus-contrib-grpc-metrics-0.21.0.jar:/Users/liao/.m2/repository/io/grpc/grpc-alts/1.25.0/grpc-alts-1.25.0.jar:/Users/liao/.m2/repository/io/grpc/grpc-grpclb/1.25.0/grpc-grpclb-1.25.0.jar:/Users/liao/.m2/repository/org/apache/commons/commons-lang3/3.5/commons-lang3-3.5.jar:/Users/liao/.m2/repository/org/conscrypt/conscrypt-openjdk-uber/2.2.1/conscrypt-openjdk-uber-2.2.1.jar:/Users/liao/.m2/repository/org/threeten/threetenbp/1.4.0/threetenbp-1.4.0.jar:/Users/liao/.m2/repository/com/google/cloud/google-cloud-core/1.92.0/google-cloud-core-1.92.0.jar:/Users/liao/.m2/repository/com/google/protobuf/protobuf-java-util/3.10.0/protobuf-java-util-3.10.0.jar:/Users/liao/.m2/repository/com/google/code/gson/gson/2.8.5/gson-2.8.5.jar:/Users/liao/.m2/repository/com/google/api/grpc/proto-google-iam-v1/0.13.0/proto-google-iam-v1-0.13.0.jar:/Users/liao/.m2/repository/com/google/cloud/google-cloud-core-http/1.92.0/google-cloud-core-http-1.92.0.jar:/Users/liao/.m2/repository/com/google/api-client/google-api-client/1.30.6/google-api-client-1.30.6.jar:/Users/liao/.m2/repository/com/google/oauth-client/google-oauth-client/1.30.4/google-oauth-client-1.30.4.jar:/Users/liao/.m2/repository/com/google/http-client/google-http-client-appengine/1.33.0/google-http-client-appengine-1.33.0.jar:/Users/liao/.m2/repository/com/google/api/gax-httpjson/0.69.0/gax-httpjson-0.69.0.jar:/Users/liao/.m2/repository/io/opencensus/opencensus-contrib-http-util/0.24.0/opencensus-contrib-http-util-0.24.0.jar:/Users/liao/.m2/repository/com/google/apis/google-api-services-translate/v2-rev20170525-1.30.1/google-api-services-translate-v2-rev20170525-1.30.1.jar:/Users/liao/.m2/repository/com/google/auth/google-auth-library-credentials/0.19.0/google-auth-library-credentials-0.19.0.jar:/Users/liao/.m2/repository/com/google/auth/google-auth-library-oauth2-http/0.19.0/google-auth-library-oauth2-http-0.19.0.jar:/Users/liao/.m2/repository/com/google/auto/value/auto-value-annotations/1.7/auto-value-annotations-1.7.jar:/Users/liao/.m2/repository/com/google/http-client/google-http-client/1.34.0/google-http-client-1.34.0.jar:/Users/liao/.m2/repository/org/apache/httpcomponents/httpclient/4.5.10/httpclient-4.5.10.jar:/Users/liao/.m2/repository/commons-logging/commons-logging/1.2/commons-logging-1.2.jar:/Users/liao/.m2/repository/commons-codec/commons-codec/1.11/commons-codec-1.11.jar:/Users/liao/.m2/repository/org/apache/httpcomponents/httpcore/4.4.12/httpcore-4.4.12.jar:/Users/liao/.m2/repository/com/google/http-client/google-http-client-jackson2/1.34.0/google-http-client-jackson2-1.34.0.jar:/Users/liao/.m2/repository/com/fasterxml/jackson/core/jackson-core/2.10.1/jackson-core-2.10.1.jar:/Users/liao/.m2/repository/org/junit/jupiter/junit-jupiter/5.6.0/junit-jupiter-5.6.0.jar:/Users/liao/.m2/repository/org/junit/jupiter/junit-jupiter-api/5.6.0/junit-jupiter-api-5.6.0.jar:/Users/liao/.m2/repository/org/apiguardian/apiguardian-api/1.1.0/apiguardian-api-1.1.0.jar:/Users/liao/.m2/repository/org/opentest4j/opentest4j/1.2.0/opentest4j-1.2.0.jar:/Users/liao/.m2/repository/org/junit/platform/junit-platform-commons/1.6.0/junit-platform-commons-1.6.0.jar:/Users/liao/.m2/repository/org/junit/jupiter/junit-jupiter-params/5.6.0/junit-jupiter-params-5.6.0.jar:/Users/liao/.m2/repository/org/junit/jupiter/junit-jupiter-engine/5.6.0/junit-jupiter-engine-5.6.0.jar:/Users/liao/.m2/repository/org/junit/platform/junit-platform-engine/1.6.0/junit-platform-engine-1.6.0.jar:/Users/liao/.m2/repository/org/hamcrest/hamcrest/2.1/hamcrest-2.1.jar:"/>
    <property name="sun.cpu.endian" value="little"/>
    <property name="user.home" value="/Users/liao"/>
    <property name="user.language" value="zh"/>
    <property name="java.specification.vendor" value="Oracle Corporation"/>
    <property name="java.home" value="/Library/Java/JavaVirtualMachines/jdk1.8.0_231.jdk/Contents/Home/jre"/>
    <property name="basedir" value="/Users/liao/myProjects/IdeaProjects/markdownTranslator"/>
    <property name="file.separator" value="/"/>
    <property name="line.separator" value="&#10;"/>
    <property name="java.vm.specification.vendor" value="Oracle Corporation"/>
    <property name="java.specification.name" value="Java Platform API Specification"/>
    <property name="java.awt.graphicsenv" value="sun.awt.CGraphicsEnvironment"/>
    <property name="surefire.real.class.path" value="/Users/liao/myProjects/IdeaProjects/markdownTranslator/target/surefire/surefirebooter4722798018320883890.jar"/>
    <property name="sun.boot.class.path" value="/Library/Java/JavaVirtualMachines/jdk1.8.0_231.jdk/Contents/Home/jre/lib/resources.jar:/Library/Java/JavaVirtualMachines/jdk1.8.0_231.jdk/Contents/Home/jre/lib/rt.jar:/Library/Java/JavaVirtualMachines/jdk1.8.0_231.jdk/Contents/Home/jre/lib/sunrsasign.jar:/Library/Java/JavaVirtualMachines/jdk1.8.0_231.jdk/Contents/Home/jre/lib/jsse.jar:/Library/Java/JavaVirtualMachines/jdk1.8.0_231.jdk/Contents/Home/jre/lib/jce.jar:/Library/Java/JavaVirtualMachines/jdk1.8.0_231.jdk/Contents/Home/jre/lib/charsets.jar:/Library/Java/JavaVirtualMachines/jdk1.8.0_231.jdk/Contents/Home/jre/lib/jfr.jar:/Library/Java/JavaVirtualMachines/jdk1.8.0_231.jdk/Contents/Home/jre/classes"/>
    <property name="sun.management.compiler" value="HotSpot 64-Bit Tiered Compilers"/>
    <property name="java.runtime.version" value="1.8.0_231-b11"/>
    <property name="user.name" value="liao"/>
    <property name="path.separator" value=":"/>
    <property name="os.version" value="10.15.2"/>
    <property name="java.endorsed.dirs" value="/Library/Java/JavaVirtualMachines/jdk1.8.0_231.jdk/Contents/Home/jre/lib/endorsed"/>
    <property name="java.runtime.name" value="Java(TM) SE Runtime Environment"/>
    <property name="file.encoding" value="UTF-8"/>
    <property name="java.vm.name" value="Java HotSpot(TM) 64-Bit Server VM"/>
    <property name="localRepository" value="/Users/liao/.m2/repository"/>
    <property name="java.vendor.url.bug" value="http://bugreport.sun.com/bugreport/"/>
    <property name="java.io.tmpdir" value="/var/folders/6_/5km70phn76z130blxtnmg0880000gn/T/"/>
    <property name="java.version" value="1.8.0_231"/>
    <property name="user.dir" value="/Users/liao/myProjects/IdeaProjects/markdownTranslator"/>
    <property name="os.arch" value="x86_64"/>
    <property name="java.vm.specification.name" value="Java Virtual Machine Specification"/>
    <property name="java.awt.printerjob" value="sun.lwawt.macosx.CPrinterJob"/>
    <property name="sun.os.patch.level" value="unknown"/>
    <property name="java.library.path" value="/Users/liao/Library/Java/Extensions:/Library/Java/Extensions:/Network/Library/Java/Extensions:/System/Library/Java/Extensions:/usr/lib/java:."/>
    <property name="idea.version2019.3.2" value="true"/>
    <property name="java.vm.info" value="mixed mode"/>
    <property name="java.vendor" value="Oracle Corporation"/>
    <property name="java.vm.version" value="25.231-b11"/>
    <property name="java.ext.dirs" value="/Users/liao/Library/Java/Extensions:/Library/Java/JavaVirtualMachines/jdk1.8.0_231.jdk/Contents/Home/jre/lib/ext:/Library/Java/Extensions:/Network/Library/Java/Extensions:/System/Library/Java/Extensions:/usr/lib/java"/>
    <property name="sun.io.unicode.encoding" value="UnicodeBig"/>
    <property name="java.class.version" value="52.0"/>
  </properties>
  <testcase name="getFileContext" classname="cn.liao.MDFileReaderTests" time="0"/>
</testsuite>